<?xml version="1.1" encoding="UTF-8"?>
<testsuite name="assign3.MemoizePipeRevenueTest" tests="7" failures="0" errors="0" timestamp="2013-11-09T06:00:25" hostname="Veeru-PC" time="0.012">
  <properties/>
  <testcase name="testFindMaxRevenueForPipeOfLengthEight" classname="assign3.MemoizePipeRevenueTest" time="0.007"/>
  <testcase name="testFindMaxRevenueForPipeOfLengthThree" classname="assign3.MemoizePipeRevenueTest" time="0.001"/>
  <testcase name="testFindMaxRevenueForPipeOfLengthFive" classname="assign3.MemoizePipeRevenueTest" time="0.001"/>
  <testcase name="testCanary" classname="assign3.MemoizePipeRevenueTest" time="0.0"/>
  <testcase name="testFindMaxRevenueForPipeOfLengthOne" classname="assign3.MemoizePipeRevenueTest" time="0.0"/>
  <testcase name="testFindMaxRevenueForPipeOfLengthTen" classname="assign3.MemoizePipeRevenueTest" time="0.002"/>
  <testcase name="testFindMaxRevenueForPipeOfLengthTwo" classname="assign3.MemoizePipeRevenueTest" time="0.0"/>
  <system-out><![CDATA[]]></system-out>
  <system-err><![CDATA[]]></system-err>
</testsuite>
